{"/Users/syl/Mobile/nyt/App.tsx": {"path":"/Users/syl/Mobile/nyt/App.tsx","statementMap":{"0":{"start":{"line":4,"column":21},"end":{"line":9,"column":2}},"1":{"start":{"line":14,"column":4},"end":{"line":20,"column":6}},"2":{"start":{"line":24,"column":15},"end":{"line":41,"column":2}}},"fnMap":{"0":{"name":"(anonymous_0)","decl":{"start":{"line":13,"column":2},"end":{"line":13,"column":3}},"loc":{"start":{"line":13,"column":11},"end":{"line":21,"column":3}},"line":13}},"branchMap":{},"s":{"0":1,"1":1,"2":1},"f":{"0":1},"b":{},"_coverageSchema":"43e27e138ebf9cfc5966b082cf9a028302ed4184","hash":"a8782d6c2cb60da3dc49cc6f13e43c1cb2ab0415"}
,"/Users/syl/Mobile/nyt/store/actions.ts": {"path":"/Users/syl/Mobile/nyt/store/actions.ts","statementMap":{"0":{"start":{"line":3,"column":39},"end":{"line":3,"column":64}},"1":{"start":{"line":4,"column":38},"end":{"line":4,"column":62}},"2":{"start":{"line":5,"column":36},"end":{"line":5,"column":58}},"3":{"start":{"line":20,"column":2},"end":{"line":20,"column":55}},"4":{"start":{"line":31,"column":2},"end":{"line":31,"column":54}}},"fnMap":{"0":{"name":"fetchArticle","decl":{"start":{"line":17,"column":16},"end":{"line":17,"column":28}},"loc":{"start":{"line":19,"column":45},"end":{"line":21,"column":1}},"line":19},"1":{"name":"fetchArticleReceived","decl":{"start":{"line":28,"column":16},"end":{"line":28,"column":36}},"loc":{"start":{"line":30,"column":55},"end":{"line":32,"column":1}},"line":30}},"branchMap":{},"s":{"0":1,"1":1,"2":1,"3":1,"4":1},"f":{"0":1,"1":1},"b":{},"_coverageSchema":"43e27e138ebf9cfc5966b082cf9a028302ed4184","hash":"3f83751174fb61d4830553b07579366d7f2a7d33"}
,"/Users/syl/Mobile/nyt/store/helpers.ts": {"path":"/Users/syl/Mobile/nyt/store/helpers.ts","statementMap":{"0":{"start":{"line":7,"column":2},"end":{"line":7,"column":27}}},"fnMap":{"0":{"name":"action","decl":{"start":{"line":6,"column":16},"end":{"line":6,"column":22}},"loc":{"start":{"line":6,"column":65},"end":{"line":8,"column":1}},"line":6}},"branchMap":{},"s":{"0":3},"f":{"0":3},"b":{},"_coverageSchema":"43e27e138ebf9cfc5966b082cf9a028302ed4184","hash":"8c02b37abfed82ebcb6f224474b75e3551288148"}
}
