{"/Users/syl/Mobile/nyt/App.tsx": {"path":"/Users/syl/Mobile/nyt/App.tsx","statementMap":{"0":{"start":{"line":12,"column":23},"end":{"line":12,"column":45}},"1":{"start":{"line":14,"column":14},"end":{"line":14,"column":68}},"2":{"start":{"line":17,"column":0},"end":{"line":17,"column":29}},"3":{"start":{"line":22,"column":4},"end":{"line":26,"column":6}}},"fnMap":{"0":{"name":"(anonymous_0)","decl":{"start":{"line":21,"column":2},"end":{"line":21,"column":3}},"loc":{"start":{"line":21,"column":11},"end":{"line":27,"column":3}},"line":21}},"branchMap":{},"s":{"0":1,"1":1,"2":1,"3":1},"f":{"0":1},"b":{},"_coverageSchema":"43e27e138ebf9cfc5966b082cf9a028302ed4184","hash":"34f616275f135d2bbb697e6b76514ff0ab3a8783"}
,"/Users/syl/Mobile/nyt/screens/HomeScreen.tsx": {"path":"/Users/syl/Mobile/nyt/screens/HomeScreen.tsx","statementMap":{"0":{"start":{"line":6,"column":21},"end":{"line":11,"column":2}},"1":{"start":{"line":31,"column":4},"end":{"line":36,"column":6}},"2":{"start":{"line":40,"column":15},"end":{"line":57,"column":2}},"3":{"start":{"line":59,"column":24},"end":{"line":63,"column":1}},"4":{"start":{"line":60,"column":2},"end":{"line":62,"column":4}},"5":{"start":{"line":65,"column":27},"end":{"line":71,"column":1}},"6":{"start":{"line":66,"column":2},"end":{"line":70,"column":4}}},"fnMap":{"0":{"name":"(anonymous_0)","decl":{"start":{"line":30,"column":2},"end":{"line":30,"column":3}},"loc":{"start":{"line":30,"column":11},"end":{"line":37,"column":3}},"line":30},"1":{"name":"(anonymous_1)","decl":{"start":{"line":59,"column":24},"end":{"line":59,"column":25}},"loc":{"start":{"line":59,"column":78},"end":{"line":63,"column":1}},"line":59},"2":{"name":"(anonymous_2)","decl":{"start":{"line":65,"column":27},"end":{"line":65,"column":28}},"loc":{"start":{"line":65,"column":56},"end":{"line":71,"column":1}},"line":65}},"branchMap":{},"s":{"0":2,"1":1,"2":2,"3":2,"4":1,"5":2,"6":1},"f":{"0":1,"1":1,"2":1},"b":{},"_coverageSchema":"43e27e138ebf9cfc5966b082cf9a028302ed4184","hash":"cdb850ba898453022bbd3df7104cafde0be29c73"}
,"/Users/syl/Mobile/nyt/services/api.ts": {"path":"/Users/syl/Mobile/nyt/services/api.ts","statementMap":{"0":{"start":{"line":3,"column":4},"end":{"line":3,"column":46}},"1":{"start":{"line":3,"column":34},"end":{"line":3,"column":44}},"2":{"start":{"line":7,"column":15},"end":{"line":7,"column":24}}},"fnMap":{"0":{"name":"(anonymous_0)","decl":{"start":{"line":2,"column":2},"end":{"line":2,"column":3}},"loc":{"start":{"line":2,"column":28},"end":{"line":4,"column":3}},"line":2},"1":{"name":"(anonymous_1)","decl":{"start":{"line":3,"column":27},"end":{"line":3,"column":28}},"loc":{"start":{"line":3,"column":34},"end":{"line":3,"column":44}},"line":3}},"branchMap":{},"s":{"0":0,"1":0,"2":1},"f":{"0":0,"1":0},"b":{},"_coverageSchema":"43e27e138ebf9cfc5966b082cf9a028302ed4184","hash":"b9e5780186b659078d8491ae3caf769f4580d000"}
,"/Users/syl/Mobile/nyt/store/reducers.ts": {"path":"/Users/syl/Mobile/nyt/store/reducers.ts","statementMap":{"0":{"start":{"line":20,"column":36},"end":{"line":24,"column":1}},"1":{"start":{"line":27,"column":2},"end":{"line":42,"column":3}},"2":{"start":{"line":29,"column":6},"end":{"line":29,"column":59}},"3":{"start":{"line":32,"column":27},"end":{"line":32,"column":72}},"4":{"start":{"line":33,"column":6},"end":{"line":33,"column":75}},"5":{"start":{"line":36,"column":6},"end":{"line":40,"column":9}},"6":{"start":{"line":43,"column":2},"end":{"line":43,"column":15}},"7":{"start":{"line":50,"column":17},"end":{"line":50,"column":46}}},"fnMap":{"0":{"name":"articles","decl":{"start":{"line":26,"column":9},"end":{"line":26,"column":17}},"loc":{"start":{"line":26,"column":72},"end":{"line":44,"column":1}},"line":26}},"branchMap":{"0":{"loc":{"start":{"line":26,"column":18},"end":{"line":26,"column":38}},"type":"default-arg","locations":[{"start":{"line":26,"column":26},"end":{"line":26,"column":38}}],"line":26},"1":{"loc":{"start":{"line":27,"column":2},"end":{"line":42,"column":3}},"type":"switch","locations":[{"start":{"line":28,"column":4},"end":{"line":30,"column":5}},{"start":{"line":31,"column":4},"end":{"line":34,"column":5}},{"start":{"line":35,"column":4},"end":{"line":41,"column":5}}],"line":27}},"s":{"0":1,"1":3,"2":0,"3":0,"4":0,"5":0,"6":3,"7":1},"f":{"0":3},"b":{"0":[3],"1":[0,0,0]},"_coverageSchema":"43e27e138ebf9cfc5966b082cf9a028302ed4184","hash":"925f259ae7b5c039bf58d78c01bd58778400bb4a"}
,"/Users/syl/Mobile/nyt/store/sagas.ts": {"path":"/Users/syl/Mobile/nyt/store/sagas.ts","statementMap":{"0":{"start":{"line":5,"column":19},"end":{"line":5,"column":56}},"1":{"start":{"line":9,"column":2},"end":{"line":9,"column":61}},"2":{"start":{"line":13,"column":2},"end":{"line":13,"column":39}}},"fnMap":{"0":{"name":"fetchArticles","decl":{"start":{"line":4,"column":10},"end":{"line":4,"column":23}},"loc":{"start":{"line":4,"column":26},"end":{"line":6,"column":1}},"line":4},"1":{"name":"watchForArticlesFetch","decl":{"start":{"line":8,"column":10},"end":{"line":8,"column":31}},"loc":{"start":{"line":8,"column":34},"end":{"line":10,"column":1}},"line":8},"2":{"name":"rootSaga","decl":{"start":{"line":12,"column":25},"end":{"line":12,"column":33}},"loc":{"start":{"line":12,"column":36},"end":{"line":14,"column":1}},"line":12}},"branchMap":{},"s":{"0":0,"1":1,"2":1},"f":{"0":0,"1":1,"2":1},"b":{},"_coverageSchema":"43e27e138ebf9cfc5966b082cf9a028302ed4184","hash":"41016848712e0e0449cc00335591ecee5220d6c8"}
}
