TN:
SF:/Users/syl/Mobile/nyt/App.tsx
FN:21,(anonymous_0)
FNF:1
FNH:1
FNDA:1,(anonymous_0)
DA:12,1
DA:14,1
DA:17,1
DA:22,1
LF:4
LH:4
BRF:0
BRH:0
end_of_record
TN:
SF:/Users/syl/Mobile/nyt/screens/HomeScreen.tsx
FN:30,(anonymous_0)
FN:59,(anonymous_1)
FN:65,(anonymous_2)
FNF:3
FNH:3
FNDA:1,(anonymous_0)
FNDA:1,(anonymous_1)
FNDA:1,(anonymous_2)
DA:6,2
DA:31,1
DA:40,2
DA:59,2
DA:60,1
DA:65,2
DA:66,1
LF:7
LH:7
BRF:0
BRH:0
end_of_record
TN:
SF:/Users/syl/Mobile/nyt/services/api.ts
FN:2,(anonymous_0)
FN:3,(anonymous_1)
FNF:2
FNH:0
FNDA:0,(anonymous_0)
FNDA:0,(anonymous_1)
DA:3,0
DA:7,1
LF:2
LH:1
BRF:0
BRH:0
end_of_record
TN:
SF:/Users/syl/Mobile/nyt/store/reducers.ts
FN:26,articles
FNF:1
FNH:1
FNDA:3,articles
DA:20,1
DA:27,3
DA:29,0
DA:32,0
DA:33,0
DA:36,0
DA:43,3
DA:50,1
LF:8
LH:4
BRDA:26,0,0,3
BRDA:27,1,0,0
BRDA:27,1,1,0
BRDA:27,1,2,0
BRF:4
BRH:1
end_of_record
TN:
SF:/Users/syl/Mobile/nyt/store/sagas.ts
FN:4,fetchArticles
FN:8,watchForArticlesFetch
FN:12,rootSaga
FNF:3
FNH:2
FNDA:0,fetchArticles
FNDA:1,watchForArticlesFetch
FNDA:1,rootSaga
DA:5,0
DA:9,1
DA:13,1
LF:3
LH:2
BRF:0
BRH:0
end_of_record
