TN:
SF:/Users/syl/Mobile/nyt/App.tsx
FN:13,(anonymous_0)
FNF:1
FNH:1
FNDA:1,(anonymous_0)
DA:4,1
DA:14,1
DA:24,1
LF:3
LH:3
BRF:0
BRH:0
end_of_record
TN:
SF:/Users/syl/Mobile/nyt/store/actions.ts
FN:17,fetchArticle
FN:28,fetchArticleReceived
FNF:2
FNH:2
FNDA:1,fetchArticle
FNDA:1,fetchArticleReceived
DA:3,1
DA:4,1
DA:5,1
DA:20,1
DA:31,1
LF:5
LH:5
BRF:0
BRH:0
end_of_record
TN:
SF:/Users/syl/Mobile/nyt/store/helpers.ts
FN:6,action
FNF:1
FNH:1
FNDA:3,action
DA:7,3
LF:1
LH:1
BRF:0
BRH:0
end_of_record
